nohup: ignoring input
cuda:1
features.0.weight
features.0.bias
features.1.weight
features.1.bias
features.1.running_mean
features.1.running_var
features.1.num_batches_tracked
features.4.weight
features.4.bias
features.5.weight
features.5.bias
features.5.running_mean
features.5.running_var
features.5.num_batches_tracked
=> loading paired dataset from ../results/20240428-Rep-quantify//VGG5/quantification/200pairs/
[False, True]
0
  0%|          | 0/400 [00:00<?, ?it/s]  0%|          | 1/400 [00:03<21:42,  3.27s/it] 68%|██████▊   | 270/400 [00:03<00:01, 113.05it/s]100%|██████████| 400/400 [00:03<00:00, 117.24it/s]
diff_data.shape:  torch.Size([200, 1])
in recenter: 
torch.Size([200, 1])
torch.Size([1, 1])
in recenter: 
torch.Size([400, 1])
torch.Size([1, 1])
direction shape of first layer:  (1, 1)
signs of first layer:  [-1.]
  0%|          | 0/400 [00:00<?, ?it/s] 69%|██████▉   | 276/400 [00:00<00:00, 2754.02it/s]100%|██████████| 400/400 [00:00<00:00, 2717.49it/s]
in recenter: 
torch.Size([400, 1])
torch.Size([1, 1])
[tensor(1.0000), tensor(0.9999)]
quantified accuracy(privacy lekage): 0.48 
