nohup: ignoring input
cuda:1
features.0.weight
features.0.bias
features.1.weight
features.1.bias
features.1.running_mean
features.1.running_var
features.1.num_batches_tracked
features.4.weight
features.4.bias
features.5.weight
features.5.bias
features.5.running_mean
features.5.running_var
features.5.num_batches_tracked
features.8.weight
features.8.bias
features.9.weight
features.9.bias
features.9.running_mean
features.9.running_var
features.9.num_batches_tracked
=> loading paired dataset from ../results/20240428-Rep-quantify//VGG5/quantification/200pairs/
[False, True]
0
  0%|          | 0/400 [00:00<?, ?it/s]  0%|          | 1/400 [00:02<16:08,  2.43s/it] 55%|█████▌    | 220/400 [00:02<00:01, 122.12it/s]100%|██████████| 400/400 [00:02<00:00, 153.34it/s]
diff_data.shape:  torch.Size([200, 1])
in recenter: 
torch.Size([200, 1])
torch.Size([1, 1])
in recenter: 
torch.Size([400, 1])
torch.Size([1, 1])
direction shape of first layer:  (1, 1)
signs of first layer:  [-1.]
  0%|          | 0/400 [00:00<?, ?it/s] 54%|█████▎    | 214/400 [00:00<00:00, 2137.27it/s]100%|██████████| 400/400 [00:00<00:00, 2130.04it/s]
in recenter: 
torch.Size([400, 1])
torch.Size([1, 1])
[tensor(-1.0000), tensor(-1.0000)]
quantified accuracy(privacy lekage): 0.545 
