nohup: ignoring input
cuda:1
features.0.weight
features.0.bias
features.1.weight
features.1.bias
features.1.running_mean
features.1.running_var
features.1.num_batches_tracked
features.4.weight
features.4.bias
features.5.weight
features.5.bias
features.5.running_mean
features.5.running_var
features.5.num_batches_tracked
features.8.weight
features.8.bias
features.9.weight
features.9.bias
features.9.running_mean
features.9.running_var
features.9.num_batches_tracked
denses.0.weight
denses.0.bias
=> loading paired dataset from ../results/20240428-Rep-quantify//VGG5/quantification/200pairs/
[False, True]
0
  0%|          | 0/400 [00:00<?, ?it/s]  0%|          | 1/400 [00:03<24:01,  3.61s/it] 34%|███▍      | 137/400 [00:03<00:05, 51.97it/s] 69%|██████▉   | 275/400 [00:03<00:01, 120.39it/s]100%|██████████| 400/400 [00:03<00:00, 102.43it/s]
diff_data.shape:  torch.Size([200, 1])
in recenter: 
torch.Size([200, 1])
torch.Size([1, 1])
in recenter: 
torch.Size([400, 1])
torch.Size([1, 1])
direction shape of first layer:  (1, 1)
signs of first layer:  [1.]
  0%|          | 0/400 [00:00<?, ?it/s] 33%|███▎      | 133/400 [00:00<00:00, 1328.65it/s] 66%|██████▋   | 266/400 [00:00<00:00, 1319.17it/s]100%|█████████▉| 398/400 [00:00<00:00, 1317.74it/s]100%|██████████| 400/400 [00:00<00:00, 1318.03it/s]
in recenter: 
torch.Size([400, 1])
torch.Size([1, 1])
[tensor(23.1518), tensor(16.9056)]
quantified accuracy(privacy lekage): 0.525 
