nohup: ignoring input
cuda:1
features.0.weight
features.0.bias
features.1.weight
features.1.bias
features.1.running_mean
features.1.running_var
features.1.num_batches_tracked
features.4.weight
features.4.bias
features.5.weight
features.5.bias
features.5.running_mean
features.5.running_var
features.5.num_batches_tracked
features.8.weight
features.8.bias
features.9.weight
features.9.bias
features.9.running_mean
features.9.running_var
features.9.num_batches_tracked
denses.0.weight
denses.0.bias
denses.1.weight
denses.1.bias
=> loading paired dataset from ../results/20240428-Rep-quantify//VGG5/quantification/200pairs/
[False, True]
0

  0%|          | 0/400 [00:00<?, ?it/s]
  0%|          | 1/400 [00:02<14:52,  2.24s/it]
 49%|████▉     | 196/400 [00:02<00:01, 117.52it/s]
 98%|█████████▊| 390/400 [00:02<00:00, 261.51it/s]
100%|██████████| 400/400 [00:02<00:00, 163.85it/s]
diff_data.shape:  torch.Size([200, 1])
in recenter: 
torch.Size([200, 1])
torch.Size([1, 1])
in recenter: 
torch.Size([400, 1])
torch.Size([1, 1])
direction shape of first layer:  (1, 1)
signs of first layer:  [-1.]

  0%|          | 0/400 [00:00<?, ?it/s]
 47%|████▋     | 189/400 [00:00<00:00, 1887.50it/s]
 95%|█████████▌| 380/400 [00:00<00:00, 1897.52it/s]
100%|██████████| 400/400 [00:00<00:00, 1895.69it/s]
in recenter: 
torch.Size([400, 1])
torch.Size([1, 1])
[tensor(-17.2087), tensor(-10.0251)]
quantified accuracy(privacy lekage): 0.615 
