VGG(
  (features): Sequential(
    (0): Conv2d(3, 32, kernel_size=(3, 3), stride=(1, 1), padding=(1, 1))
    (1): BatchNorm2d(32, eps=1e-05, momentum=0.1, affine=True, track_running_stats=True)
    (2): Tanh() # 0
    (3): MaxPool2d(kernel_size=2, stride=2, padding=0, dilation=1, ceil_mode=False) # 1
    (4): Conv2d(32, 64, kernel_size=(3, 3), stride=(1, 1), padding=(1, 1))
    (5): BatchNorm2d(64, eps=1e-05, momentum=0.1, affine=True, track_running_stats=True)
    (6): Tanh() # 2
    (7): MaxPool2d(kernel_size=2, stride=2, padding=0, dilation=1, ceil_mode=False) # 3
    (8): Conv2d(64, 64, kernel_size=(3, 3), stride=(1, 1), padding=(1, 1))
    (9): BatchNorm2d(64, eps=1e-05, momentum=0.1, affine=True, track_running_stats=True)
    (10): Tanh() # 4
  )
  (denses): Sequential(
    (0): Linear(in_features=4096, out_features=128, bias=True) # 5
    (1): Linear(in_features=128, out_features=10, bias=True) # 6
  )
)


features.0.weight
features.0.bias
features.1.weight
features.1.bias
features.1.running_mean
features.1.running_var
features.1.num_batches_tracked
features.4.weight
features.4.bias
features.5.weight
features.5.bias
features.5.running_mean
features.5.running_var
features.5.num_batches_tracked
features.8.weight
features.8.bias
features.9.weight
features.9.bias
features.9.running_mean
features.9.running_var
features.9.num_batches_tracked
denses.0.weight
denses.0.bias
denses.1.weight
denses.1.bias

